


ARM Macro Assembler    Page 1 


    1 00000000         ;*******************************************************
                       ************************
    2 00000000         ;* File Name          : startup_cs32l010.s
    3 00000000         ;* Author             : Software Team
    4 00000000         ;* Version            : V1.0.0
    5 00000000         ;* Date               : 21-Oct-2019
    6 00000000         ;* Description        : CS32L010 vector table for MDK-AR
                       M 
    7 00000000         ;*                      toolchain.  
    8 00000000         ;*                      This module performs:
    9 00000000         ;*                      - Set the initial SP
   10 00000000         ;*                      - Set the initial PC == Reset_Ha
                       ndler
   11 00000000         ;*                      - Set the vector table entries w
                       ith the exceptions ISR address
   12 00000000         ;*                      - Configure the clock system
   13 00000000         ;*                      - Branches to __main in the C li
                       brary (which eventually
   14 00000000         ;*                        calls main()).
   15 00000000         ;*                      After Reset the CortexM0+ proces
                       sor is in Thread mode,
   16 00000000         ;*                      priority is Privileged, and the 
                       Stack is set to Main. 
   17 00000000         ;*******************************************************
                       ************************
   18 00000000         
   19 00000000         ; Amount of memory (in bytes) allocated for Stack
   20 00000000         ; Tailor this value to your application needs
   21 00000000         ; <h> Stack Configuration
   22 00000000         ;   <o> Stack Size (in Bytes) <0x0-0xFFFFFFFF:8>
   23 00000000         ; </h>
   24 00000000         
   25 00000000         
   26 00000000         ; Amount of memory (in bytes) allocated for Stack
   27 00000000         ; Tailor this value to your application needs
   28 00000000         ; <h> Stack Configuration
   29 00000000         ; <o> Stack Size (in Bytes) <0x0-0xFFFFFFFF:8>
   30 00000000         ; </h>
   31 00000000         
   32 00000000 00000200 
                       Stack_Size
                               EQU              0x00000200
   33 00000000         
   34 00000000                 AREA             STACK, NOINIT, READWRITE, ALIGN
=3
   35 00000000         Stack_Mem
                               SPACE            Stack_Size
   36 00000200         __initial_sp
   37 00000200         
   38 00000200         
   39 00000200         ; <h> Heap Configuration
   40 00000200         ; <o>  Heap Size (in Bytes) <0x0-0xFFFFFFFF:8>
   41 00000200         ; </h>
   42 00000200         
   43 00000200 00000200 
                       Heap_Size
                               EQU              0x00000200
   44 00000200         
   45 00000200                 AREA             HEAP, NOINIT, READWRITE, ALIGN=



ARM Macro Assembler    Page 2 


3
   46 00000000         __heap_base
   47 00000000         Heap_Mem
                               SPACE            Heap_Size
   48 00000200         __heap_limit
   49 00000200         
   50 00000200         
   51 00000200                 PRESERVE8
   52 00000200                 THUMB
   53 00000200         
   54 00000200         
   55 00000200         ; Vector Table Mapped to Address 0 at Reset
   56 00000200         
   57 00000200                 AREA             RESET, DATA, READONLY
   58 00000000                 EXPORT           __Vectors
   59 00000000                 EXPORT           __Vectors_End
   60 00000000                 EXPORT           __Vectors_Size
   61 00000000         
   62 00000000 00000000 
                       __Vectors
                               DCD              __initial_sp ; Top of Stack
   63 00000004 00000000        DCD              Reset_Handler ; Reset Handler
   64 00000008 00000000        DCD              NMI_Handler ; NMI Handler
   65 0000000C 00000000        DCD              HardFault_Handler ; Hard Fault 
                                                            Handler
   66 00000010 00000000        DCD              0           ; Reserved
   67 00000014 00000000        DCD              0           ; Reserved
   68 00000018 00000000        DCD              0           ; Reserved
   69 0000001C 00000000        DCD              0           ; Reserved
   70 00000020 00000000        DCD              0           ; Reserved
   71 00000024 00000000        DCD              0           ; Reserved
   72 00000028 00000000        DCD              0           ; Reserved
   73 0000002C 00000000        DCD              SVC_Handler ; SVCall Handler
   74 00000030 00000000        DCD              0           ; Reserved
   75 00000034 00000000        DCD              0           ; Reserved
   76 00000038 00000000        DCD              PendSV_Handler ; PendSV Handler
                                                            
   77 0000003C 00000000        DCD              SysTick_Handler 
                                                            ; SysTick Handler
   78 00000040         
   79 00000040         
   80 00000040         ; External Interrupts         
   81 00000040 00000000        DCD              GPIOA_IRQHandler ; GPIOA_IRQn  
                                                                    = 0,
   82 00000044 00000000        DCD              GPIOB_IRQHandler ; GPIOB_IRQn  
                                                                    = 1,
   83 00000048 00000000        DCD              GPIOC_IRQHandler ; GPIOC_IRQn  
                                                                    = 2,
   84 0000004C 00000000        DCD              GPIOD_IRQHandler ; GPIOD_IRQn  
                                                                    = 3,
   85 00000050 00000000        DCD              FLASH_IRQHandler ; FLASH_IRQHan
                                                            dler    = 4,
   86 00000054 00000000        DCD              0           ; Reserved---------
                                                            -----5,
   87 00000058 00000000        DCD              UART0_IRQHandler ; UART0_IRQn  
                                                                    = 6,
   88 0000005C 00000000        DCD              UART1_IRQHandler ; UART1_IRQn  
                                                                    = 7,
   89 00000060 00000000        DCD              LPUART_IRQHandler ; LPUART_IRQn



ARM Macro Assembler    Page 3 


                                                               = 8,
   90 00000064 00000000        DCD              0           ; Reserved---------
                                                            -----9,
   91 00000068 00000000        DCD              SPI_IRQHandler ; SPI_IRQn      
                                                                  = 10,
   92 0000006C 00000000        DCD              0           ; Reserved---------
                                                            -----11,
   93 00000070 00000000        DCD              I2C_IRQHandler ; I2C0_IRQn     
                                                                  = 12,
   94 00000074 00000000        DCD              0           ; Reserved---------
                                                            -----13,
   95 00000078 00000000        DCD              TIM10_IRQHandler ; TIM10_IRQn  
                                                                    = 14,
   96 0000007C 00000000        DCD              TIM11_IRQHandler ; TIM11_IRQn  
                                                                    = 15,
   97 00000080 00000000        DCD              LPTIM_IRQHandler ; LPTIMER_IRQn
                                                                    = 16,
   98 00000084 00000000        DCD              0           ; Reserved---------
                                                            -----17,
   99 00000088 00000000        DCD              TIM1_IRQHandler ; ADVTIM1      
                                                                   = 18,
  100 0000008C 00000000        DCD              TIM2_IRQHandler ; ADVTIM2------
                                                            ---------19,
  101 00000090 00000000        DCD              0           ; Reserved---------
                                                            -----20,
  102 00000094 00000000        DCD              PCA_IRQHandler ; PCA_IRQn      
                                                                  = 21,
  103 00000098 00000000        DCD              WWDG_IRQHandler ; WWDT_IRQn    
                                                                   = 22,
  104 0000009C 00000000        DCD              IWDG_IRQHandler ; IWDT_IRQn    
                                                                   = 23,
  105 000000A0 00000000        DCD              ADC_IRQHandler ; ADC_IRQn      
                                                                  = 24,
  106 000000A4 00000000        DCD              LVD_IRQHandler ; LVD_IRQn      
                                                                  = 25,
  107 000000A8 00000000        DCD              VC_IRQHandler ; VC_IRQn        
                                                                 = 26,
  108 000000AC 00000000        DCD              0           ; Reserved---------
                                                            -----27,
  109 000000B0 00000000        DCD              AWK_IRQHandler ; AWK_IRQn      
                                                                  = 28,
  110 000000B4 00000000        DCD              OWIRE_IRQHandler ; OWIRE_IRQn  
                                                                    = 29,
  111 000000B8 00000000        DCD              RTC_IRQHandler ; RTC_MATCH0_IRQ
                                                            n     = 30,
  112 000000BC 00000000        DCD              CLKTRIM_IRQHandler ; CLKTRIM_IR
                                                            Qn        = 31     
                                                             
  113 000000C0         __Vectors_End
  114 000000C0         
  115 000000C0 000000C0 
                       __Vectors_Size
                               EQU              __Vectors_End - __Vectors
  116 000000C0         
  117 000000C0                 AREA             |.text|, CODE, READONLY
  118 00000000         
  119 00000000         
  120 00000000         ; Reset Handler
  121 00000000         



ARM Macro Assembler    Page 4 


  122 00000000         Reset_Handler
                               PROC
  123 00000000                 EXPORT           Reset_Handler             [WEAK
]
  124 00000000                 IMPORT           SystemInit
  125 00000000                 IMPORT           __main
  126 00000000 4804            LDR              R0, =SystemInit
  127 00000002 4780            BLX              R0
  128 00000004 4804            LDR              R0, =__main
  129 00000006 4700            BX               R0
  130 00000008                 ENDP
  131 00000008         
  132 00000008         
  133 00000008         ; Dummy Exception Handlers (infinite loops which can be 
                       modified)
  134 00000008         
  135 00000008         NMI_Handler
                               PROC
  136 00000008                 EXPORT           NMI_Handler               [WEAK
]
  137 00000008 E7FE            B                .
  138 0000000A                 ENDP
  140 0000000A         HardFault_Handler
                               PROC
  141 0000000A                 EXPORT           HardFault_Handler         [WEAK
]
  142 0000000A E7FE            B                .
  143 0000000C                 ENDP
  144 0000000C         SVC_Handler
                               PROC
  145 0000000C                 EXPORT           SVC_Handler               [WEAK
]
  146 0000000C E7FE            B                .
  147 0000000E                 ENDP
  148 0000000E         PendSV_Handler
                               PROC
  149 0000000E                 EXPORT           PendSV_Handler            [WEAK
]
  150 0000000E E7FE            B                .
  151 00000010                 ENDP
  152 00000010         SysTick_Handler
                               PROC
  153 00000010                 EXPORT           SysTick_Handler           [WEAK
]
  154 00000010 E7FE            B                .
  155 00000012                 ENDP
  156 00000012         
  157 00000012         Default_Handler
                               PROC
  158 00000012         
  159 00000012                 EXPORT           GPIOA_IRQHandler          [WEAK
] 
                                                            ; GPIOA_IRQn       
                                                               = 0,            
                                                                               
                                                                               
                                                               
  160 00000012                 EXPORT           GPIOB_IRQHandler          [WEAK
] 



ARM Macro Assembler    Page 5 


                                                            ; GPIOB_IRQn       
                                                               = 1,            
                                                                               
                                                                               
                                                               
  161 00000012                 EXPORT           GPIOC_IRQHandler          [WEAK
] 
                                                            ; GPIOC_IRQn       
                                                               = 2,            
                                                                               
                                                                               
                                                               
  162 00000012                 EXPORT           GPIOD_IRQHandler          [WEAK
] 
                                                            ; GPIOD_IRQn       
                                                               = 3,            
                                                                               
                                                                               
                                                               
  163 00000012                 EXPORT           FLASH_IRQHandler          [WEAK
] 
                                                            ; FLASH_IRQHandler 
                                                               = 4,            
                                                                               
                                                                               
                                                              
  164 00000012         ;EXPORT  0                        [WEAK]  ; Reserved----
                       ----------5,                                            
                               
  165 00000012                 EXPORT           UART0_IRQHandler          [WEAK
] 
                                                            ; UART0_IRQn       
                                                               = 6,            
                                                                               
                                                                               
                                                               
  166 00000012                 EXPORT           UART1_IRQHandler          [WEAK
] 
                                                            ; UART1_IRQn       
                                                               = 7,            
                                                                               
                                                                               
                                                               
  167 00000012                 EXPORT           LPUART_IRQHandler         [WEAK
] 
                                                            ; LPUART_IRQn   = 8
                                                            ,                  
                                                                               
                                                                           
  168 00000012         ;EXPORT  0                        [WEAK]  ; Reserved----
                       ----------9,                                            
                               
  169 00000012                 EXPORT           SPI_IRQHandler            [WEAK
] 
                                                            ; SPI_IRQn         
                                                            = 10,              
                                                                               
                                                                               
                                                            



ARM Macro Assembler    Page 6 


  170 00000012         ;EXPORT  0                        [WEAK]  ;             
                                                            
  171 00000012                 EXPORT           I2C_IRQHandler            [WEAK
] 
                                                            ; I2C_IRQn         
                                                               = 12,           
                                                                               
                                                                               
                                                               
  172 00000012         ;EXPORT 0                         [WEAK]  ;             
                                                             
  173 00000012                 EXPORT           TIM10_IRQHandler          [WEAK
] 
                                                            ; TIM10_IRQn       
                                                               = 14,           
                                                                               
                                                                               
                                                               
  174 00000012                 EXPORT           TIM11_IRQHandler          [WEAK
] 
                                                            ; TIM11_IRQn       
                                                               = 15,           
                                                                               
                                                                               
                                                               
  175 00000012                 EXPORT           LPTIM_IRQHandler          [WEAK
] 
                                                            ; LPTIMER_IRQn    =
                                                             16,               
                                                                               
                                                                             
  176 00000012         ;EXPORT  0                        [WEAK]  ; Reserved----
                       ----------17,                                           
                               
  177 00000012                 EXPORT           TIM1_IRQHandler           [WEAK
] 
                                                            ; ADVTIM1          
                                                               = 18,           
                                                                               
                                                                               
                                                               
  178 00000012                 EXPORT           TIM2_IRQHandler           [WEAK
] 
                                                            ; ADVTIM2    = 19, 
                                                                               
                                                                               
                                                                    
  179 00000012         ;EXPORT  0                        [WEAK]  ; Reserved----
                       ----------20,                                           
                               
  180 00000012                 EXPORT           PCA_IRQHandler            [WEAK
] 
                                                            ; PCA_IRQn         
                                                               = 21,           
                                                                               
                                                                               
                                                               
  181 00000012                 EXPORT           WWDG_IRQHandler           [WEAK
] 



ARM Macro Assembler    Page 7 


                                                            ; WWDT_IRQn        
                                                               = 22,           
                                                                               
                                                                               
                                                               
  182 00000012                 EXPORT           IWDG_IRQHandler           [WEAK
] 
                                                            ; IWDT_IRQn        
                                                               = 23,           
                                                                               
                                                                               
                                                               
  183 00000012                 EXPORT           ADC_IRQHandler            [WEAK
] 
                                                            ; ADC0_IRQn        
                                                               = 24,           
                                                                               
                                                                               
                                                               
  184 00000012                 EXPORT           LVD_IRQHandler            [WEAK
] 
                                                            ; LVD_IRQn         
                                                               = 25,           
                                                                               
                                                                              
  185 00000012                 EXPORT           VC_IRQHandler             [WEAK
] 
                                                            ; VC_IRQn          
                                                               = 26,           
                                                                               
                                                                               
                                                              
  186 00000012         ;EXPORT  0                        [WEAK]  ; Reserved----
                       ----------27,                                           
                               
  187 00000012                 EXPORT           AWK_IRQHandler            [WEAK
] 
                                                            ; AWK_IRQn      = 2
                                                            8,                 
                                                                 
  188 00000012                 EXPORT           OWIRE_IRQHandler          [WEAK
] 
                                                            ; OWIRE_IRQn      =
                                                             29,               
                                                                    
  189 00000012                 EXPORT           RTC_IRQHandler            [WEAK
] 
                                                            ; RTC_MATCH0_IRQn  
                                                               = 30,
  190 00000012                 EXPORT           CLKTRIM_IRQHandler        [WEAK
] 
                                                            ; CLKTRIM_IRQn     
                                                               = 31 
  191 00000012         
  192 00000012         
  193 00000012         GPIOA_IRQHandler                     ; GPIOA_IRQn       
                                                               = 0,            
                                                                               
                                                                               



ARM Macro Assembler    Page 8 


                                                               
  194 00000012         GPIOB_IRQHandler                     ; GPIOB_IRQn       
                                                               = 1,            
                                                                               
                                                                               
                                                               
  195 00000012         GPIOC_IRQHandler                     ; GPIOC_IRQn       
                                                               = 2,            
                                                                               
                                                                               
                                                               
  196 00000012         GPIOD_IRQHandler                     ; GPIOD_IRQn       
                                                               = 3,            
                                                                               
                                                                               
                                                               
  197 00000012         FLASH_IRQHandler                     ; FLASH_IRQHandler 
                                                               = 4,            
                                                                               
                                                                               
                                                              
  198 00000012         ;0                         ; Reserved---------------5,  
                                                                         
  199 00000012         UART0_IRQHandler                     ; UART0_IRQn       
                                                               = 6,            
                                                                               
                                                                               
                                                               
  200 00000012         UART1_IRQHandler                     ; UART1_IRQn       
                                                               = 7,            
                                                                               
                                                                               
                                                               
  201 00000012         LPUART_IRQHandler                    ; LPUART_IRQn   = 8
                                                            ,                  
                                                                               
                                                                           
  202 00000012         ;0                        ; Reserved---------------9,   
                                                                        
  203 00000012         SPI_IRQHandler                       ; SPI_IRQHandler   
                                                               = 10,           
                                                                               
                                                                               
                                                               
  204 00000012         ;0                         ; Reserved---------------11, 
                                                                          
  205 00000012         I2C_IRQHandler                       ; I2C_IRQHandler   
                                                               = 12,           
                                                                               
                                                                               
                                                               
  206 00000012         ;0                         ; Reserved---------------13, 
                                                                       
  207 00000012         TIM10_IRQHandler                     ; TIMER0_IRQn      
                                                               = 14,           
                                                                               
                                                                               
                                                               
  208 00000012         TIM11_IRQHandler                     ; TIMER1_IRQn      



ARM Macro Assembler    Page 9 


                                                               = 15,           
                                                                               
                                                                               
                                                               
  209 00000012         LPTIM_IRQHandler                     ; LPTIMER_IRQn    =
                                                             16,               
                                                                               
                                                                             
  210 00000012         ;0                         ; Reserved---------------17, 
                                                                         
  211 00000012         TIM1_IRQHandler                      ; ADVTim1_IRQn     
                                                               = 18,           
                                                                               
                                                                               
                                                               
  212 00000012         TIM2_IRQHandler                      ; ADVTim2_IRQn     
                                                               = 19,           
                                                                               
                                                                               
                                                                
  213 00000012         ;0                         ; Reserved---------------20, 
                                                                         
  214 00000012         PCA_IRQHandler                       ; PCA_IRQn         
                                                               = 21,           
                                                                               
                                                                               
                                                               
  215 00000012         WWDG_IRQHandler                      ; WWDT_IRQn        
                                                               = 22,           
                                                                               
                                                                               
                                                               
  216 00000012         IWDG_IRQHandler                      ; IWDT_IRQn        
                                                               = 23,           
                                                                               
                                                                               
                                                               
  217 00000012         ADC_IRQHandler                       ; ADC_IRQHandler   
                                                               = 24,           
                                                                               
                                                                               
                                                               
  218 00000012         LVD_IRQHandler                       ; LVD_IRQn         
                                                               = 25,           
                                                                               
                                                                               
                                                              
  219 00000012         VC_IRQHandler                        ; VC_IRQn          
                                                               = 26,           
                                                                               
                                                                               
                                                                
  220 00000012         ;0                         ; Reserved---------------27, 
                                                                         
  221 00000012         AWK_IRQHandler                       ; AWK_IRQn         
                                                               = 28,           
                                                                               
                                                                               
                                                            



ARM Macro Assembler    Page 10 


  222 00000012         OWIRE_IRQHandler                     ; OWIRE_IRQn       
                                                               = 29,           
                                                                         
  223 00000012         RTC_IRQHandler                       ; RTC_IRQHandler   
                                                               = 30,    
  224 00000012         CLKTRIM_IRQHandler                   ; CLKTRIM_IRQn     
                                                               = 31 
  225 00000012         
  226 00000012 E7FE            B                .
  227 00000014         
  228 00000014                 ENDP
  229 00000014         
  230 00000014                 ALIGN
  231 00000014         
  232 00000014         ; User Initial Stack & Heap
  233 00000014         
  234 00000014                 IF               :DEF:__MICROLIB
  235 00000014         
  236 00000014                 EXPORT           __initial_sp
  237 00000014                 EXPORT           __heap_base
  238 00000014                 EXPORT           __heap_limit
  239 00000014         
  240 00000014                 ELSE
  255                          ENDIF
  256 00000014         
  257 00000014         
  258 00000014                 END
              00000000 
              00000000 
Command Line: --debug --xref --diag_suppress=9931 --cpu=Cortex-M0+ --apcs=inter
work --depend=.\objects\startup_cs32l010.d -o.\objects\startup_cs32l010.o -IF:\
Desktop\fff\·½°¸¶þ\SEN0593\RTE -IH:\keil5\ARM\PACK\ARM\CMSIS\4.2.0\CMSIS\Includ
e -IH:\keil5\ARM\PACK\Chipsea\CS32L010_DFP\1.0.4 -IH:\keil5\ARM\PACK\Chipsea\CS
32L010_DFP\1.0.4\Device\Include --predefine="__MICROLIB SETA 1" --predefine="__
UVISION_VERSION SETA 514" --predefine="_RTE_ SETA 1" --list=.\listings\startup_
cs32l010.lst RTE\Device\CS32L010\startup_cs32l010.s



ARM Macro Assembler    Page 1 Alphabetic symbol ordering
Relocatable symbols

STACK 00000000

Symbol: STACK
   Definitions
      At line 34 in file RTE\Device\CS32L010\startup_cs32l010.s
   Uses
      None
Comment: STACK unused
Stack_Mem 00000000

Symbol: Stack_Mem
   Definitions
      At line 35 in file RTE\Device\CS32L010\startup_cs32l010.s
   Uses
      None
Comment: Stack_Mem unused
__initial_sp 00000200

Symbol: __initial_sp
   Definitions
      At line 36 in file RTE\Device\CS32L010\startup_cs32l010.s
   Uses
      At line 62 in file RTE\Device\CS32L010\startup_cs32l010.s
      At line 236 in file RTE\Device\CS32L010\startup_cs32l010.s

3 symbols



ARM Macro Assembler    Page 1 Alphabetic symbol ordering
Relocatable symbols

HEAP 00000000

Symbol: HEAP
   Definitions
      At line 45 in file RTE\Device\CS32L010\startup_cs32l010.s
   Uses
      None
Comment: HEAP unused
Heap_Mem 00000000

Symbol: Heap_Mem
   Definitions
      At line 47 in file RTE\Device\CS32L010\startup_cs32l010.s
   Uses
      None
Comment: Heap_Mem unused
__heap_base 00000000

Symbol: __heap_base
   Definitions
      At line 46 in file RTE\Device\CS32L010\startup_cs32l010.s
   Uses
      At line 237 in file RTE\Device\CS32L010\startup_cs32l010.s
Comment: __heap_base used once
__heap_limit 00000200

Symbol: __heap_limit
   Definitions
      At line 48 in file RTE\Device\CS32L010\startup_cs32l010.s
   Uses
      At line 238 in file RTE\Device\CS32L010\startup_cs32l010.s
Comment: __heap_limit used once
4 symbols



ARM Macro Assembler    Page 1 Alphabetic symbol ordering
Relocatable symbols

RESET 00000000

Symbol: RESET
   Definitions
      At line 57 in file RTE\Device\CS32L010\startup_cs32l010.s
   Uses
      None
Comment: RESET unused
__Vectors 00000000

Symbol: __Vectors
   Definitions
      At line 62 in file RTE\Device\CS32L010\startup_cs32l010.s
   Uses
      At line 58 in file RTE\Device\CS32L010\startup_cs32l010.s
      At line 115 in file RTE\Device\CS32L010\startup_cs32l010.s

__Vectors_End 000000C0

Symbol: __Vectors_End
   Definitions
      At line 113 in file RTE\Device\CS32L010\startup_cs32l010.s
   Uses
      At line 59 in file RTE\Device\CS32L010\startup_cs32l010.s
      At line 115 in file RTE\Device\CS32L010\startup_cs32l010.s

3 symbols



ARM Macro Assembler    Page 1 Alphabetic symbol ordering
Relocatable symbols

.text 00000000

Symbol: .text
   Definitions
      At line 117 in file RTE\Device\CS32L010\startup_cs32l010.s
   Uses
      None
Comment: .text unused
ADC_IRQHandler 00000012

Symbol: ADC_IRQHandler
   Definitions
      At line 217 in file RTE\Device\CS32L010\startup_cs32l010.s
   Uses
      At line 105 in file RTE\Device\CS32L010\startup_cs32l010.s
      At line 183 in file RTE\Device\CS32L010\startup_cs32l010.s

AWK_IRQHandler 00000012

Symbol: AWK_IRQHandler
   Definitions
      At line 221 in file RTE\Device\CS32L010\startup_cs32l010.s
   Uses
      At line 109 in file RTE\Device\CS32L010\startup_cs32l010.s
      At line 187 in file RTE\Device\CS32L010\startup_cs32l010.s

CLKTRIM_IRQHandler 00000012

Symbol: CLKTRIM_IRQHandler
   Definitions
      At line 224 in file RTE\Device\CS32L010\startup_cs32l010.s
   Uses
      At line 112 in file RTE\Device\CS32L010\startup_cs32l010.s
      At line 190 in file RTE\Device\CS32L010\startup_cs32l010.s

Default_Handler 00000012

Symbol: Default_Handler
   Definitions
      At line 157 in file RTE\Device\CS32L010\startup_cs32l010.s
   Uses
      None
Comment: Default_Handler unused
FLASH_IRQHandler 00000012

Symbol: FLASH_IRQHandler
   Definitions
      At line 197 in file RTE\Device\CS32L010\startup_cs32l010.s
   Uses
      At line 85 in file RTE\Device\CS32L010\startup_cs32l010.s
      At line 163 in file RTE\Device\CS32L010\startup_cs32l010.s

GPIOA_IRQHandler 00000012

Symbol: GPIOA_IRQHandler
   Definitions
      At line 193 in file RTE\Device\CS32L010\startup_cs32l010.s
   Uses
      At line 81 in file RTE\Device\CS32L010\startup_cs32l010.s



ARM Macro Assembler    Page 2 Alphabetic symbol ordering
Relocatable symbols

      At line 159 in file RTE\Device\CS32L010\startup_cs32l010.s

GPIOB_IRQHandler 00000012

Symbol: GPIOB_IRQHandler
   Definitions
      At line 194 in file RTE\Device\CS32L010\startup_cs32l010.s
   Uses
      At line 82 in file RTE\Device\CS32L010\startup_cs32l010.s
      At line 160 in file RTE\Device\CS32L010\startup_cs32l010.s

GPIOC_IRQHandler 00000012

Symbol: GPIOC_IRQHandler
   Definitions
      At line 195 in file RTE\Device\CS32L010\startup_cs32l010.s
   Uses
      At line 83 in file RTE\Device\CS32L010\startup_cs32l010.s
      At line 161 in file RTE\Device\CS32L010\startup_cs32l010.s

GPIOD_IRQHandler 00000012

Symbol: GPIOD_IRQHandler
   Definitions
      At line 196 in file RTE\Device\CS32L010\startup_cs32l010.s
   Uses
      At line 84 in file RTE\Device\CS32L010\startup_cs32l010.s
      At line 162 in file RTE\Device\CS32L010\startup_cs32l010.s

HardFault_Handler 0000000A

Symbol: HardFault_Handler
   Definitions
      At line 140 in file RTE\Device\CS32L010\startup_cs32l010.s
   Uses
      At line 65 in file RTE\Device\CS32L010\startup_cs32l010.s
      At line 141 in file RTE\Device\CS32L010\startup_cs32l010.s

I2C_IRQHandler 00000012

Symbol: I2C_IRQHandler
   Definitions
      At line 205 in file RTE\Device\CS32L010\startup_cs32l010.s
   Uses
      At line 93 in file RTE\Device\CS32L010\startup_cs32l010.s
      At line 171 in file RTE\Device\CS32L010\startup_cs32l010.s

IWDG_IRQHandler 00000012

Symbol: IWDG_IRQHandler
   Definitions
      At line 216 in file RTE\Device\CS32L010\startup_cs32l010.s
   Uses
      At line 104 in file RTE\Device\CS32L010\startup_cs32l010.s
      At line 182 in file RTE\Device\CS32L010\startup_cs32l010.s

LPTIM_IRQHandler 00000012

Symbol: LPTIM_IRQHandler



ARM Macro Assembler    Page 3 Alphabetic symbol ordering
Relocatable symbols

   Definitions
      At line 209 in file RTE\Device\CS32L010\startup_cs32l010.s
   Uses
      At line 97 in file RTE\Device\CS32L010\startup_cs32l010.s
      At line 175 in file RTE\Device\CS32L010\startup_cs32l010.s

LPUART_IRQHandler 00000012

Symbol: LPUART_IRQHandler
   Definitions
      At line 201 in file RTE\Device\CS32L010\startup_cs32l010.s
   Uses
      At line 89 in file RTE\Device\CS32L010\startup_cs32l010.s
      At line 167 in file RTE\Device\CS32L010\startup_cs32l010.s

LVD_IRQHandler 00000012

Symbol: LVD_IRQHandler
   Definitions
      At line 218 in file RTE\Device\CS32L010\startup_cs32l010.s
   Uses
      At line 106 in file RTE\Device\CS32L010\startup_cs32l010.s
      At line 184 in file RTE\Device\CS32L010\startup_cs32l010.s

NMI_Handler 00000008

Symbol: NMI_Handler
   Definitions
      At line 135 in file RTE\Device\CS32L010\startup_cs32l010.s
   Uses
      At line 64 in file RTE\Device\CS32L010\startup_cs32l010.s
      At line 136 in file RTE\Device\CS32L010\startup_cs32l010.s

OWIRE_IRQHandler 00000012

Symbol: OWIRE_IRQHandler
   Definitions
      At line 222 in file RTE\Device\CS32L010\startup_cs32l010.s
   Uses
      At line 110 in file RTE\Device\CS32L010\startup_cs32l010.s
      At line 188 in file RTE\Device\CS32L010\startup_cs32l010.s

PCA_IRQHandler 00000012

Symbol: PCA_IRQHandler
   Definitions
      At line 214 in file RTE\Device\CS32L010\startup_cs32l010.s
   Uses
      At line 102 in file RTE\Device\CS32L010\startup_cs32l010.s
      At line 180 in file RTE\Device\CS32L010\startup_cs32l010.s

PendSV_Handler 0000000E

Symbol: PendSV_Handler
   Definitions
      At line 148 in file RTE\Device\CS32L010\startup_cs32l010.s
   Uses
      At line 76 in file RTE\Device\CS32L010\startup_cs32l010.s
      At line 149 in file RTE\Device\CS32L010\startup_cs32l010.s



ARM Macro Assembler    Page 4 Alphabetic symbol ordering
Relocatable symbols


RTC_IRQHandler 00000012

Symbol: RTC_IRQHandler
   Definitions
      At line 223 in file RTE\Device\CS32L010\startup_cs32l010.s
   Uses
      At line 111 in file RTE\Device\CS32L010\startup_cs32l010.s
      At line 189 in file RTE\Device\CS32L010\startup_cs32l010.s

Reset_Handler 00000000

Symbol: Reset_Handler
   Definitions
      At line 122 in file RTE\Device\CS32L010\startup_cs32l010.s
   Uses
      At line 63 in file RTE\Device\CS32L010\startup_cs32l010.s
      At line 123 in file RTE\Device\CS32L010\startup_cs32l010.s

SPI_IRQHandler 00000012

Symbol: SPI_IRQHandler
   Definitions
      At line 203 in file RTE\Device\CS32L010\startup_cs32l010.s
   Uses
      At line 91 in file RTE\Device\CS32L010\startup_cs32l010.s
      At line 169 in file RTE\Device\CS32L010\startup_cs32l010.s

SVC_Handler 0000000C

Symbol: SVC_Handler
   Definitions
      At line 144 in file RTE\Device\CS32L010\startup_cs32l010.s
   Uses
      At line 73 in file RTE\Device\CS32L010\startup_cs32l010.s
      At line 145 in file RTE\Device\CS32L010\startup_cs32l010.s

SysTick_Handler 00000010

Symbol: SysTick_Handler
   Definitions
      At line 152 in file RTE\Device\CS32L010\startup_cs32l010.s
   Uses
      At line 77 in file RTE\Device\CS32L010\startup_cs32l010.s
      At line 153 in file RTE\Device\CS32L010\startup_cs32l010.s

TIM10_IRQHandler 00000012

Symbol: TIM10_IRQHandler
   Definitions
      At line 207 in file RTE\Device\CS32L010\startup_cs32l010.s
   Uses
      At line 95 in file RTE\Device\CS32L010\startup_cs32l010.s
      At line 173 in file RTE\Device\CS32L010\startup_cs32l010.s

TIM11_IRQHandler 00000012

Symbol: TIM11_IRQHandler
   Definitions



ARM Macro Assembler    Page 5 Alphabetic symbol ordering
Relocatable symbols

      At line 208 in file RTE\Device\CS32L010\startup_cs32l010.s
   Uses
      At line 96 in file RTE\Device\CS32L010\startup_cs32l010.s
      At line 174 in file RTE\Device\CS32L010\startup_cs32l010.s

TIM1_IRQHandler 00000012

Symbol: TIM1_IRQHandler
   Definitions
      At line 211 in file RTE\Device\CS32L010\startup_cs32l010.s
   Uses
      At line 99 in file RTE\Device\CS32L010\startup_cs32l010.s
      At line 177 in file RTE\Device\CS32L010\startup_cs32l010.s

TIM2_IRQHandler 00000012

Symbol: TIM2_IRQHandler
   Definitions
      At line 212 in file RTE\Device\CS32L010\startup_cs32l010.s
   Uses
      At line 100 in file RTE\Device\CS32L010\startup_cs32l010.s
      At line 178 in file RTE\Device\CS32L010\startup_cs32l010.s

UART0_IRQHandler 00000012

Symbol: UART0_IRQHandler
   Definitions
      At line 199 in file RTE\Device\CS32L010\startup_cs32l010.s
   Uses
      At line 87 in file RTE\Device\CS32L010\startup_cs32l010.s
      At line 165 in file RTE\Device\CS32L010\startup_cs32l010.s

UART1_IRQHandler 00000012

Symbol: UART1_IRQHandler
   Definitions
      At line 200 in file RTE\Device\CS32L010\startup_cs32l010.s
   Uses
      At line 88 in file RTE\Device\CS32L010\startup_cs32l010.s
      At line 166 in file RTE\Device\CS32L010\startup_cs32l010.s

VC_IRQHandler 00000012

Symbol: VC_IRQHandler
   Definitions
      At line 219 in file RTE\Device\CS32L010\startup_cs32l010.s
   Uses
      At line 107 in file RTE\Device\CS32L010\startup_cs32l010.s
      At line 185 in file RTE\Device\CS32L010\startup_cs32l010.s

WWDG_IRQHandler 00000012

Symbol: WWDG_IRQHandler
   Definitions
      At line 215 in file RTE\Device\CS32L010\startup_cs32l010.s
   Uses
      At line 103 in file RTE\Device\CS32L010\startup_cs32l010.s
      At line 181 in file RTE\Device\CS32L010\startup_cs32l010.s




ARM Macro Assembler    Page 6 Alphabetic symbol ordering
Relocatable symbols

33 symbols



ARM Macro Assembler    Page 1 Alphabetic symbol ordering
Absolute symbols

Heap_Size 00000200

Symbol: Heap_Size
   Definitions
      At line 43 in file RTE\Device\CS32L010\startup_cs32l010.s
   Uses
      At line 47 in file RTE\Device\CS32L010\startup_cs32l010.s
Comment: Heap_Size used once
Stack_Size 00000200

Symbol: Stack_Size
   Definitions
      At line 32 in file RTE\Device\CS32L010\startup_cs32l010.s
   Uses
      At line 35 in file RTE\Device\CS32L010\startup_cs32l010.s
Comment: Stack_Size used once
__Vectors_Size 000000C0

Symbol: __Vectors_Size
   Definitions
      At line 115 in file RTE\Device\CS32L010\startup_cs32l010.s
   Uses
      At line 60 in file RTE\Device\CS32L010\startup_cs32l010.s
Comment: __Vectors_Size used once
3 symbols



ARM Macro Assembler    Page 1 Alphabetic symbol ordering
External symbols

SystemInit 00000000

Symbol: SystemInit
   Definitions
      At line 124 in file RTE\Device\CS32L010\startup_cs32l010.s
   Uses
      At line 126 in file RTE\Device\CS32L010\startup_cs32l010.s
Comment: SystemInit used once
__main 00000000

Symbol: __main
   Definitions
      At line 125 in file RTE\Device\CS32L010\startup_cs32l010.s
   Uses
      At line 128 in file RTE\Device\CS32L010\startup_cs32l010.s
Comment: __main used once
2 symbols
383 symbols in table
